android/app/build/intermediates/manifest_merge_blame_file/debug/manifest-merger-blame-debug-report.txt
1<?xml version="1.0" encoding="utf-8"?>
2<manifest xmlns:android="http://schemas.android.com/apk/res/android"
3    package="com.teambenu.ssop"
4    android:versionCode="1"
5    android:versionName="1.0.0" >
6
7    <uses-sdk
8        android:minSdkVersion="23"
9        android:targetSdkVersion="34" />
10
11    <uses-permission android:name="android.permission.SYSTEM_ALERT_WINDOW" />
11-->src\main\AndroidManifest.xml:11:3-75
11-->src\main\AndroidManifest.xml:11:20-73
12    <uses-permission android:name="android.permission.BLUETOOTH" />
12-->src\main\AndroidManifest.xml:2:3-65
12-->src\main\AndroidManifest.xml:2:20-63
13    <uses-permission android:name="android.permission.BLUETOOTH_ADMIN" />
13-->src\main\AndroidManifest.xml:3:3-71
13-->src\main\AndroidManifest.xml:3:20-69
14    <uses-permission android:name="android.permission.BLUETOOTH_CONNECT" />
14-->src\main\AndroidManifest.xml:4:3-73
14-->src\main\AndroidManifest.xml:4:20-71
15    <uses-permission android:name="android.permission.BLUETOOTH_SCAN" />
15-->src\main\AndroidManifest.xml:5:3-91
15-->src\main\AndroidManifest.xml:5:20-68
16    <uses-permission android:name="android.permission.ACCESS_FINE_LOCATION" />
16-->src\main\AndroidManifest.xml:6:3-76
16-->src\main\AndroidManifest.xml:6:20-74
17    <uses-permission android:name="android.permission.INTERNET" />
17-->src\main\AndroidManifest.xml:7:3-64
17-->src\main\AndroidManifest.xml:7:20-62
18    <uses-permission android:name="android.permission.READ_CONTACTS" />
18-->src\main\AndroidManifest.xml:8:3-69
18-->src\main\AndroidManifest.xml:8:20-67
19    <uses-permission android:name="android.permission.READ_EXTERNAL_STORAGE" />
19-->src\main\AndroidManifest.xml:9:3-77
19-->src\main\AndroidManifest.xml:9:20-75
20    <uses-permission android:name="android.permission.RECORD_AUDIO" />
20-->src\main\AndroidManifest.xml:10:3-68
20-->src\main\AndroidManifest.xml:10:20-66
21    <uses-permission android:name="android.permission.VIBRATE" />
21-->src\main\AndroidManifest.xml:12:3-63
21-->src\main\AndroidManifest.xml:12:20-61
22    <uses-permission android:name="android.permission.WRITE_CONTACTS" />
22-->src\main\AndroidManifest.xml:13:3-70
22-->src\main\AndroidManifest.xml:13:20-68
23    <uses-permission android:name="android.permission.WRITE_EXTERNAL_STORAGE" />
23-->src\main\AndroidManifest.xml:14:3-78
23-->src\main\AndroidManifest.xml:14:20-76
24
25    <uses-feature
25-->src\main\AndroidManifest.xml:15:3-87
26        android:name="android.hardware.bluetooth_le"
26-->src\main\AndroidManifest.xml:15:17-61
27        android:required="true" />
27-->src\main\AndroidManifest.xml:15:62-85
28
29    <queries>
29-->src\main\AndroidManifest.xml:16:3-22:13
30        <intent>
30-->src\main\AndroidManifest.xml:17:5-21:14
31            <action android:name="android.intent.action.VIEW" />
31-->src\main\AndroidManifest.xml:18:7-58
31-->src\main\AndroidManifest.xml:18:15-56
32
33            <category android:name="android.intent.category.BROWSABLE" />
33-->src\main\AndroidManifest.xml:19:7-67
33-->src\main\AndroidManifest.xml:19:17-65
34
35            <data android:scheme="https" />
35-->src\main\AndroidManifest.xml:20:7-37
35-->src\main\AndroidManifest.xml:20:13-35
36        </intent>
37        <intent>
37-->[:expo-contacts] AndroidManifest.xml:8:9-14:18
38            <action android:name="android.intent.action.SEND" />
38-->[:expo-contacts] AndroidManifest.xml:9:13-65
38-->[:expo-contacts] AndroidManifest.xml:9:21-62
39
40            <category android:name="android.intent.category.DEFAULT" />
40-->src\main\AndroidManifest.xml:36:9-67
40-->src\main\AndroidManifest.xml:36:19-65
41
42            <data android:mimeType="application/octet-stream" />
42-->src\main\AndroidManifest.xml:20:7-37
43        </intent>
44        <intent>
44-->[:expo-contacts] AndroidManifest.xml:15:9-21:18
45            <action android:name="android.intent.action.SEND" />
45-->[:expo-contacts] AndroidManifest.xml:9:13-65
45-->[:expo-contacts] AndroidManifest.xml:9:21-62
46
47            <category android:name="android.intent.category.DEFAULT" />
47-->src\main\AndroidManifest.xml:36:9-67
47-->src\main\AndroidManifest.xml:36:19-65
48
49            <data android:mimeType="text/x-vcard" />
49-->src\main\AndroidManifest.xml:20:7-37
50        </intent>
51        <intent>
51-->[:expo-contacts] AndroidManifest.xml:22:9-28:18
52            <action android:name="android.intent.action.SEND" />
52-->[:expo-contacts] AndroidManifest.xml:9:13-65
52-->[:expo-contacts] AndroidManifest.xml:9:21-62
53
54            <category android:name="android.intent.category.DEFAULT" />
54-->src\main\AndroidManifest.xml:36:9-67
54-->src\main\AndroidManifest.xml:36:19-65
55
56            <data android:mimeType="text/vcard" />
56-->src\main\AndroidManifest.xml:20:7-37
57        </intent>
58        <intent>
58-->[:expo-contacts] AndroidManifest.xml:29:9-31:18
59            <action android:name="android.intent.action.EDIT" />
59-->[:expo-contacts] AndroidManifest.xml:30:13-65
59-->[:expo-contacts] AndroidManifest.xml:30:21-62
60        </intent>
61        <intent>
61-->[:expo-contacts] AndroidManifest.xml:32:9-34:18
62            <action android:name="android.intent.action.INSERT" />
62-->[:expo-contacts] AndroidManifest.xml:33:13-67
62-->[:expo-contacts] AndroidManifest.xml:33:21-64
63        </intent>
64
65        <package android:name="host.exp.exponent" /> <!-- Query open documents -->
65-->[:expo-dev-launcher] AndroidManifest.xml:8:9-53
65-->[:expo-dev-launcher] AndroidManifest.xml:8:18-50
66        <intent>
66-->[:expo-file-system] AndroidManifest.xml:15:9-17:18
67            <action android:name="android.intent.action.OPEN_DOCUMENT_TREE" />
67-->[:expo-file-system] AndroidManifest.xml:16:13-79
67-->[:expo-file-system] AndroidManifest.xml:16:21-76
68        </intent>
69        <intent>
69-->[:expo-image-picker] AndroidManifest.xml:17:9-21:18
70
71            <!-- Required for picking images from the camera roll if targeting API 30 -->
72            <action android:name="android.media.action.IMAGE_CAPTURE" />
72-->[:expo-image-picker] AndroidManifest.xml:20:13-73
72-->[:expo-image-picker] AndroidManifest.xml:20:21-70
73        </intent>
74        <intent>
74-->[:expo-image-picker] AndroidManifest.xml:22:9-26:18
75
76            <!-- Required for picking images from the camera if targeting API 30 -->
77            <action android:name="android.media.action.ACTION_VIDEO_CAPTURE" />
77-->[:expo-image-picker] AndroidManifest.xml:25:13-80
77-->[:expo-image-picker] AndroidManifest.xml:25:21-77
78        </intent>
79        <intent>
79-->[:expo-sharing] AndroidManifest.xml:8:9-14:18
80
81            <!-- Required for file sharing if targeting API 30 -->
82            <action android:name="android.intent.action.SEND" />
82-->[:expo-contacts] AndroidManifest.xml:9:13-65
82-->[:expo-contacts] AndroidManifest.xml:9:21-62
83
84            <data android:mimeType="*/*" />
84-->src\main\AndroidManifest.xml:20:7-37
85        </intent>
86        <intent>
86-->[:expo-web-browser] AndroidManifest.xml:8:9-12:18
87
88            <!-- Required for opening tabs if targeting API 30 -->
89            <action android:name="android.support.customtabs.action.CustomTabsService" />
89-->[:expo-web-browser] AndroidManifest.xml:11:13-90
89-->[:expo-web-browser] AndroidManifest.xml:11:21-87
90        </intent>
91        <intent>
91-->[com.github.CanHub:Android-Image-Cropper:4.3.1] AndroidManifest.xml:10:9-16:18
92            <action android:name="android.intent.action.GET_CONTENT" />
92-->[com.github.CanHub:Android-Image-Cropper:4.3.1] AndroidManifest.xml:11:13-72
92-->[com.github.CanHub:Android-Image-Cropper:4.3.1] AndroidManifest.xml:11:21-69
93
94            <category android:name="android.intent.category.OPENABLE" />
94-->[com.github.CanHub:Android-Image-Cropper:4.3.1] AndroidManifest.xml:13:13-73
94-->[com.github.CanHub:Android-Image-Cropper:4.3.1] AndroidManifest.xml:13:23-70
95
96            <data android:mimeType="*/*" />
96-->src\main\AndroidManifest.xml:20:7-37
97        </intent>
98    </queries> <!-- Required for picking images from camera directly -->
99    <uses-permission android:name="android.permission.CAMERA" />
99-->[:expo-image-picker] AndroidManifest.xml:8:5-65
99-->[:expo-image-picker] AndroidManifest.xml:8:22-62
100    <uses-permission android:name="android.permission.READ_MEDIA_IMAGES" />
100-->[:expo-image-picker] AndroidManifest.xml:13:5-76
100-->[:expo-image-picker] AndroidManifest.xml:13:22-73
101    <uses-permission android:name="android.permission.READ_MEDIA_VIDEO" />
101-->[:expo-image-picker] AndroidManifest.xml:14:5-75
101-->[:expo-image-picker] AndroidManifest.xml:14:22-72
102
103    <permission
103-->[androidx.core:core:1.12.0] AndroidManifest.xml:22:5-24:47
104        android:name="com.teambenu.ssop.DYNAMIC_RECEIVER_NOT_EXPORTED_PERMISSION"
104-->[androidx.core:core:1.12.0] AndroidManifest.xml:23:9-81
105        android:protectionLevel="signature" />
105-->[androidx.core:core:1.12.0] AndroidManifest.xml:24:9-44
106
107    <uses-permission android:name="com.teambenu.ssop.DYNAMIC_RECEIVER_NOT_EXPORTED_PERMISSION" />
107-->[androidx.core:core:1.12.0] AndroidManifest.xml:26:5-97
107-->[androidx.core:core:1.12.0] AndroidManifest.xml:26:22-94
108    <uses-permission android:name="com.google.android.finsky.permission.BIND_GET_INSTALL_REFERRER_SERVICE" />
108-->[com.android.installreferrer:installreferrer:2.2] AndroidManifest.xml:9:5-110
108-->[com.android.installreferrer:installreferrer:2.2] AndroidManifest.xml:9:22-107
109
110    <application
110-->src\main\AndroidManifest.xml:23:3-42:17
111        android:name="com.teambenu.ssop.MainApplication"
111-->src\main\AndroidManifest.xml:23:16-47
112        android:allowBackup="true"
112-->src\main\AndroidManifest.xml:23:162-188
113        android:appComponentFactory="androidx.core.app.CoreComponentFactory"
113-->[androidx.core:core:1.12.0] AndroidManifest.xml:28:18-86
114        android:debuggable="true"
115        android:extractNativeLibs="false"
116        android:icon="@mipmap/ic_launcher"
116-->src\main\AndroidManifest.xml:23:81-115
117        android:label="@string/app_name"
117-->src\main\AndroidManifest.xml:23:48-80
118        android:roundIcon="@mipmap/ic_launcher_round"
118-->src\main\AndroidManifest.xml:23:116-161
119        android:theme="@style/AppTheme"
119-->src\main\AndroidManifest.xml:23:189-220
120        android:usesCleartextTraffic="true" >
120-->src\debug\AndroidManifest.xml:6:18-53
121        <meta-data
121-->src\main\AndroidManifest.xml:24:5-82
122            android:name="expo.modules.updates.ENABLED"
122-->src\main\AndroidManifest.xml:24:16-59
123            android:value="true" />
123-->src\main\AndroidManifest.xml:24:60-80
124        <meta-data
124-->src\main\AndroidManifest.xml:25:5-93
125            android:name="expo.modules.updates.EXPO_SDK_VERSION"
125-->src\main\AndroidManifest.xml:25:16-68
126            android:value="51.0.0" />
126-->src\main\AndroidManifest.xml:25:69-91
127        <meta-data
127-->src\main\AndroidManifest.xml:26:5-105
128            android:name="expo.modules.updates.EXPO_UPDATES_CHECK_ON_LAUNCH"
128-->src\main\AndroidManifest.xml:26:16-80
129            android:value="ALWAYS" />
129-->src\main\AndroidManifest.xml:26:81-103
130        <meta-data
130-->src\main\AndroidManifest.xml:27:5-99
131            android:name="expo.modules.updates.EXPO_UPDATES_LAUNCH_WAIT_MS"
131-->src\main\AndroidManifest.xml:27:16-79
132            android:value="0" />
132-->src\main\AndroidManifest.xml:27:80-97
133        <meta-data
133-->src\main\AndroidManifest.xml:28:5-117
134            android:name="expo.modules.updates.EXPO_UPDATE_URL"
134-->src\main\AndroidManifest.xml:28:16-67
135            android:value="https://exp.host/@teamBENU/SSOP" />
135-->src\main\AndroidManifest.xml:28:68-115
136
137        <activity
137-->src\main\AndroidManifest.xml:29:5-40:16
138            android:name="com.teambenu.ssop.MainActivity"
138-->src\main\AndroidManifest.xml:29:15-43
139            android:configChanges="keyboard|keyboardHidden|orientation|screenSize|screenLayout|uiMode"
139-->src\main\AndroidManifest.xml:29:44-134
140            android:exported="true"
140-->src\main\AndroidManifest.xml:29:256-279
141            android:launchMode="singleTask"
141-->src\main\AndroidManifest.xml:29:135-166
142            android:screenOrientation="portrait"
142-->src\main\AndroidManifest.xml:29:280-316
143            android:theme="@style/Theme.App.SplashScreen"
143-->src\main\AndroidManifest.xml:29:210-255
144            android:windowSoftInputMode="adjustResize" >
144-->src\main\AndroidManifest.xml:29:167-209
145            <intent-filter>
145-->src\main\AndroidManifest.xml:30:7-33:23
146                <action android:name="android.intent.action.MAIN" />
146-->src\main\AndroidManifest.xml:31:9-60
146-->src\main\AndroidManifest.xml:31:17-58
147
148                <category android:name="android.intent.category.LAUNCHER" />
148-->src\main\AndroidManifest.xml:32:9-68
148-->src\main\AndroidManifest.xml:32:19-66
149            </intent-filter>
150            <intent-filter>
150-->src\main\AndroidManifest.xml:34:7-39:23
151                <action android:name="android.intent.action.VIEW" />
151-->src\main\AndroidManifest.xml:18:7-58
151-->src\main\AndroidManifest.xml:18:15-56
152
153                <category android:name="android.intent.category.DEFAULT" />
153-->src\main\AndroidManifest.xml:36:9-67
153-->src\main\AndroidManifest.xml:36:19-65
154                <category android:name="android.intent.category.BROWSABLE" />
154-->src\main\AndroidManifest.xml:19:7-67
154-->src\main\AndroidManifest.xml:19:17-65
155
156                <data android:scheme="com.teambenu.ssop" />
156-->src\main\AndroidManifest.xml:20:7-37
156-->src\main\AndroidManifest.xml:20:13-35
157            </intent-filter>
158        </activity>
159        <activity
159-->src\main\AndroidManifest.xml:41:5-106
160            android:name="com.facebook.react.devsupport.DevSettingsActivity"
160-->src\main\AndroidManifest.xml:41:15-79
161            android:exported="false" />
161-->src\main\AndroidManifest.xml:41:80-104
162
163        <provider
163-->[:react-native-webview] AndroidManifest.xml:8:9-16:20
164            android:name="com.reactnativecommunity.webview.RNCWebViewFileProvider"
164-->[:react-native-webview] AndroidManifest.xml:9:13-83
165            android:authorities="com.teambenu.ssop.fileprovider"
165-->[:react-native-webview] AndroidManifest.xml:10:13-64
166            android:exported="false"
166-->[:react-native-webview] AndroidManifest.xml:11:13-37
167            android:grantUriPermissions="true" >
167-->[:react-native-webview] AndroidManifest.xml:12:13-47
168            <meta-data
168-->[:react-native-webview] AndroidManifest.xml:13:13-15:63
169                android:name="android.support.FILE_PROVIDER_PATHS"
169-->[:react-native-webview] AndroidManifest.xml:14:17-67
170                android:resource="@xml/file_provider_paths" />
170-->[:react-native-webview] AndroidManifest.xml:15:17-60
171        </provider>
172        <provider
172-->[:expo-clipboard] AndroidManifest.xml:8:9-15:20
173            android:name="expo.modules.clipboard.ClipboardFileProvider"
173-->[:expo-clipboard] AndroidManifest.xml:9:13-72
174            android:authorities="com.teambenu.ssop.ClipboardFileProvider"
174-->[:expo-clipboard] AndroidManifest.xml:10:13-73
175            android:exported="true" >
175-->[:expo-clipboard] AndroidManifest.xml:11:13-36
176            <meta-data
176-->[:expo-clipboard] AndroidManifest.xml:12:13-14:68
177                android:name="expo.modules.clipboard.CLIPBOARD_FILE_PROVIDER_PATHS"
177-->[:expo-clipboard] AndroidManifest.xml:13:17-84
178                android:resource="@xml/clipboard_provider_paths" />
178-->[:expo-clipboard] AndroidManifest.xml:14:17-65
179        </provider>
180
181        <activity
181-->[:expo-dev-launcher] AndroidManifest.xml:12:9-25:20
182            android:name="expo.modules.devlauncher.launcher.DevLauncherActivity"
182-->[:expo-dev-launcher] AndroidManifest.xml:13:13-81
183            android:exported="true"
183-->[:expo-dev-launcher] AndroidManifest.xml:14:13-36
184            android:launchMode="singleTask"
184-->[:expo-dev-launcher] AndroidManifest.xml:15:13-44
185            android:theme="@style/Theme.DevLauncher.LauncherActivity" >
185-->[:expo-dev-launcher] AndroidManifest.xml:16:13-70
186            <intent-filter>
186-->[:expo-dev-launcher] AndroidManifest.xml:17:13-24:29
187                <action android:name="android.intent.action.VIEW" />
187-->src\main\AndroidManifest.xml:18:7-58
187-->src\main\AndroidManifest.xml:18:15-56
188
189                <category android:name="android.intent.category.DEFAULT" />
189-->src\main\AndroidManifest.xml:36:9-67
189-->src\main\AndroidManifest.xml:36:19-65
190                <category android:name="android.intent.category.BROWSABLE" />
190-->src\main\AndroidManifest.xml:19:7-67
190-->src\main\AndroidManifest.xml:19:17-65
191
192                <data android:scheme="expo-dev-launcher" />
192-->src\main\AndroidManifest.xml:20:7-37
192-->src\main\AndroidManifest.xml:20:13-35
193            </intent-filter>
194        </activity>
195        <activity
195-->[:expo-dev-launcher] AndroidManifest.xml:26:9-29:70
196            android:name="expo.modules.devlauncher.launcher.errors.DevLauncherErrorActivity"
196-->[:expo-dev-launcher] AndroidManifest.xml:27:13-93
197            android:screenOrientation="portrait"
197-->[:expo-dev-launcher] AndroidManifest.xml:28:13-49
198            android:theme="@style/Theme.DevLauncher.ErrorActivity" />
198-->[:expo-dev-launcher] AndroidManifest.xml:29:13-67
199        <activity
199-->[:expo-dev-menu] AndroidManifest.xml:8:9-21:20
200            android:name="expo.modules.devmenu.DevMenuActivity"
200-->[:expo-dev-menu] AndroidManifest.xml:9:13-64
201            android:exported="true"
201-->[:expo-dev-menu] AndroidManifest.xml:10:13-36
202            android:launchMode="singleTask"
202-->[:expo-dev-menu] AndroidManifest.xml:11:13-44
203            android:theme="@style/Theme.AppCompat.Transparent.NoActionBar" >
203-->[:expo-dev-menu] AndroidManifest.xml:12:13-75
204            <intent-filter>
204-->[:expo-dev-menu] AndroidManifest.xml:13:13-20:29
205                <action android:name="android.intent.action.VIEW" />
205-->src\main\AndroidManifest.xml:18:7-58
205-->src\main\AndroidManifest.xml:18:15-56
206
207                <category android:name="android.intent.category.DEFAULT" />
207-->src\main\AndroidManifest.xml:36:9-67
207-->src\main\AndroidManifest.xml:36:19-65
208                <category android:name="android.intent.category.BROWSABLE" />
208-->src\main\AndroidManifest.xml:19:7-67
208-->src\main\AndroidManifest.xml:19:17-65
209
210                <data android:scheme="expo-dev-menu" />
210-->src\main\AndroidManifest.xml:20:7-37
210-->src\main\AndroidManifest.xml:20:13-35
211            </intent-filter>
212        </activity>
213
214        <provider
214-->[:expo-file-system] AndroidManifest.xml:21:9-30:20
215            android:name="expo.modules.filesystem.FileSystemFileProvider"
215-->[:expo-file-system] AndroidManifest.xml:22:13-74
216            android:authorities="com.teambenu.ssop.FileSystemFileProvider"
216-->[:expo-file-system] AndroidManifest.xml:23:13-74
217            android:exported="false"
217-->[:expo-file-system] AndroidManifest.xml:24:13-37
218            android:grantUriPermissions="true" >
218-->[:expo-file-system] AndroidManifest.xml:25:13-47
219            <meta-data
219-->[:react-native-webview] AndroidManifest.xml:13:13-15:63
220                android:name="android.support.FILE_PROVIDER_PATHS"
220-->[:react-native-webview] AndroidManifest.xml:14:17-67
221                android:resource="@xml/file_system_provider_paths" />
221-->[:react-native-webview] AndroidManifest.xml:15:17-60
222        </provider>
223
224        <service
224-->[:expo-image-picker] AndroidManifest.xml:30:9-42:19
225            android:name="com.google.android.gms.metadata.ModuleDependencies"
225-->[:expo-image-picker] AndroidManifest.xml:31:13-78
226            android:enabled="false"
226-->[:expo-image-picker] AndroidManifest.xml:32:13-36
227            android:exported="false" >
227-->[:expo-image-picker] AndroidManifest.xml:33:13-37
228            <intent-filter>
228-->[:expo-image-picker] AndroidManifest.xml:35:13-37:29
229                <action android:name="com.google.android.gms.metadata.MODULE_DEPENDENCIES" />
229-->[:expo-image-picker] AndroidManifest.xml:36:17-94
229-->[:expo-image-picker] AndroidManifest.xml:36:25-91
230            </intent-filter>
231
232            <meta-data
232-->[:expo-image-picker] AndroidManifest.xml:39:13-41:36
233                android:name="photopicker_activity:0:required"
233-->[:expo-image-picker] AndroidManifest.xml:40:17-63
234                android:value="" />
234-->[:expo-image-picker] AndroidManifest.xml:41:17-33
235        </service>
236
237        <activity
237-->[:expo-image-picker] AndroidManifest.xml:44:9-46:59
238            android:name="com.canhub.cropper.CropImageActivity"
238-->[:expo-image-picker] AndroidManifest.xml:45:13-64
239            android:exported="true"
239-->[com.github.CanHub:Android-Image-Cropper:4.3.1] AndroidManifest.xml:35:13-36
240            android:theme="@style/Base.Theme.AppCompat" /> <!-- https://developer.android.com/guide/topics/manifest/provider-element.html -->
240-->[:expo-image-picker] AndroidManifest.xml:46:13-56
241        <provider
241-->[:expo-image-picker] AndroidManifest.xml:48:9-56:20
242            android:name="expo.modules.imagepicker.fileprovider.ImagePickerFileProvider"
242-->[:expo-image-picker] AndroidManifest.xml:49:13-89
243            android:authorities="com.teambenu.ssop.ImagePickerFileProvider"
243-->[:expo-image-picker] AndroidManifest.xml:50:13-75
244            android:exported="false"
244-->[:expo-image-picker] AndroidManifest.xml:51:13-37
245            android:grantUriPermissions="true" >
245-->[:expo-image-picker] AndroidManifest.xml:52:13-47
246            <meta-data
246-->[:react-native-webview] AndroidManifest.xml:13:13-15:63
247                android:name="android.support.FILE_PROVIDER_PATHS"
247-->[:react-native-webview] AndroidManifest.xml:14:17-67
248                android:resource="@xml/image_picker_provider_paths" />
248-->[:react-native-webview] AndroidManifest.xml:15:17-60
249        </provider>
250        <provider
250-->[:expo-sharing] AndroidManifest.xml:18:9-26:20
251            android:name="expo.modules.sharing.SharingFileProvider"
251-->[:expo-sharing] AndroidManifest.xml:19:13-68
252            android:authorities="com.teambenu.ssop.SharingFileProvider"
252-->[:expo-sharing] AndroidManifest.xml:20:13-71
253            android:exported="false"
253-->[:expo-sharing] AndroidManifest.xml:21:13-37
254            android:grantUriPermissions="true" >
254-->[:expo-sharing] AndroidManifest.xml:22:13-47
255            <meta-data
255-->[:react-native-webview] AndroidManifest.xml:13:13-15:63
256                android:name="android.support.FILE_PROVIDER_PATHS"
256-->[:react-native-webview] AndroidManifest.xml:14:17-67
257                android:resource="@xml/sharing_provider_paths" />
257-->[:react-native-webview] AndroidManifest.xml:15:17-60
258        </provider>
259
260        <meta-data
260-->[:expo-modules-core] AndroidManifest.xml:9:9-11:89
261            android:name="org.unimodules.core.AppLoader#react-native-headless"
261-->[:expo-modules-core] AndroidManifest.xml:10:13-79
262            android:value="expo.modules.adapters.react.apploader.RNHeadlessAppLoader" />
262-->[:expo-modules-core] AndroidManifest.xml:11:13-86
263        <meta-data
263-->[:expo-modules-core] AndroidManifest.xml:12:9-15:45
264            android:name="com.facebook.soloader.enabled"
264-->[:expo-modules-core] AndroidManifest.xml:13:13-57
265            android:value="true" />
265-->[:expo-modules-core] AndroidManifest.xml:14:13-33
266
267        <provider
267-->[com.github.CanHub:Android-Image-Cropper:4.3.1] AndroidManifest.xml:23:9-31:20
268            android:name="com.canhub.cropper.CropFileProvider"
268-->[com.github.CanHub:Android-Image-Cropper:4.3.1] AndroidManifest.xml:24:13-63
269            android:authorities="com.teambenu.ssop.cropper.fileprovider"
269-->[com.github.CanHub:Android-Image-Cropper:4.3.1] AndroidManifest.xml:25:13-72
270            android:exported="false"
270-->[com.github.CanHub:Android-Image-Cropper:4.3.1] AndroidManifest.xml:26:13-37
271            android:grantUriPermissions="true" >
271-->[com.github.CanHub:Android-Image-Cropper:4.3.1] AndroidManifest.xml:27:13-47
272            <meta-data
272-->[:react-native-webview] AndroidManifest.xml:13:13-15:63
273                android:name="android.support.FILE_PROVIDER_PATHS"
273-->[:react-native-webview] AndroidManifest.xml:14:17-67
274                android:resource="@xml/library_file_paths" />
274-->[:react-native-webview] AndroidManifest.xml:15:17-60
275        </provider>
276        <provider
276-->[androidx.emoji2:emoji2:1.2.0] AndroidManifest.xml:24:9-32:20
277            android:name="androidx.startup.InitializationProvider"
277-->[androidx.emoji2:emoji2:1.2.0] AndroidManifest.xml:25:13-67
278            android:authorities="com.teambenu.ssop.androidx-startup"
278-->[androidx.emoji2:emoji2:1.2.0] AndroidManifest.xml:26:13-68
279            android:exported="false" >
279-->[androidx.emoji2:emoji2:1.2.0] AndroidManifest.xml:27:13-37
280            <meta-data
280-->[androidx.emoji2:emoji2:1.2.0] AndroidManifest.xml:29:13-31:52
281                android:name="androidx.emoji2.text.EmojiCompatInitializer"
281-->[androidx.emoji2:emoji2:1.2.0] AndroidManifest.xml:30:17-75
282                android:value="androidx.startup" />
282-->[androidx.emoji2:emoji2:1.2.0] AndroidManifest.xml:31:17-49
283            <meta-data
283-->[androidx.lifecycle:lifecycle-process:2.6.1] AndroidManifest.xml:29:13-31:52
284                android:name="androidx.lifecycle.ProcessLifecycleInitializer"
284-->[androidx.lifecycle:lifecycle-process:2.6.1] AndroidManifest.xml:30:17-78
285                android:value="androidx.startup" />
285-->[androidx.lifecycle:lifecycle-process:2.6.1] AndroidManifest.xml:31:17-49
286            <meta-data
286-->[androidx.profileinstaller:profileinstaller:1.3.0] AndroidManifest.xml:29:13-31:52
287                android:name="androidx.profileinstaller.ProfileInstallerInitializer"
287-->[androidx.profileinstaller:profileinstaller:1.3.0] AndroidManifest.xml:30:17-85
288                android:value="androidx.startup" />
288-->[androidx.profileinstaller:profileinstaller:1.3.0] AndroidManifest.xml:31:17-49
289        </provider>
290
291        <receiver
291-->[androidx.profileinstaller:profileinstaller:1.3.0] AndroidManifest.xml:34:9-52:20
292            android:name="androidx.profileinstaller.ProfileInstallReceiver"
292-->[androidx.profileinstaller:profileinstaller:1.3.0] AndroidManifest.xml:35:13-76
293            android:directBootAware="false"
293-->[androidx.profileinstaller:profileinstaller:1.3.0] AndroidManifest.xml:36:13-44
294            android:enabled="true"
294-->[androidx.profileinstaller:profileinstaller:1.3.0] AndroidManifest.xml:37:13-35
295            android:exported="true"
295-->[androidx.profileinstaller:profileinstaller:1.3.0] AndroidManifest.xml:38:13-36
296            android:permission="android.permission.DUMP" >
296-->[androidx.profileinstaller:profileinstaller:1.3.0] AndroidManifest.xml:39:13-57
297            <intent-filter>
297-->[androidx.profileinstaller:profileinstaller:1.3.0] AndroidManifest.xml:40:13-42:29
298                <action android:name="androidx.profileinstaller.action.INSTALL_PROFILE" />
298-->[androidx.profileinstaller:profileinstaller:1.3.0] AndroidManifest.xml:41:17-91
298-->[androidx.profileinstaller:profileinstaller:1.3.0] AndroidManifest.xml:41:25-88
299            </intent-filter>
300            <intent-filter>
300-->[androidx.profileinstaller:profileinstaller:1.3.0] AndroidManifest.xml:43:13-45:29
301                <action android:name="androidx.profileinstaller.action.SKIP_FILE" />
301-->[androidx.profileinstaller:profileinstaller:1.3.0] AndroidManifest.xml:44:17-85
301-->[androidx.profileinstaller:profileinstaller:1.3.0] AndroidManifest.xml:44:25-82
302            </intent-filter>
303            <intent-filter>
303-->[androidx.profileinstaller:profileinstaller:1.3.0] AndroidManifest.xml:46:13-48:29
304                <action android:name="androidx.profileinstaller.action.SAVE_PROFILE" />
304-->[androidx.profileinstaller:profileinstaller:1.3.0] AndroidManifest.xml:47:17-88
304-->[androidx.profileinstaller:profileinstaller:1.3.0] AndroidManifest.xml:47:25-85
305            </intent-filter>
306            <intent-filter>
306-->[androidx.profileinstaller:profileinstaller:1.3.0] AndroidManifest.xml:49:13-51:29
307                <action android:name="androidx.profileinstaller.action.BENCHMARK_OPERATION" />
307-->[androidx.profileinstaller:profileinstaller:1.3.0] AndroidManifest.xml:50:17-95
307-->[androidx.profileinstaller:profileinstaller:1.3.0] AndroidManifest.xml:50:25-92
308            </intent-filter>
309        </receiver>
310    </application>
311
312</manifest>